2025-03-27 14:52:30,188 INFO, ########################## End of startegy report for 35001#####################################

2025-03-27 14:52:30,188 INFO, 46986:-9214.875

2025-03-27 14:52:30,188 INFO, 46988:-2055.375

2025-03-27 14:52:30,188 INFO, 46987:1902.0

2025-03-27 14:52:30,188 INFO, 46985:-799.875

2025-03-27 14:52:30,188 INFO, 46977:42.0

2025-03-27 14:52:30,188 INFO, 46976:6899.25

2025-03-27 14:52:30,188 INFO, 46975:-8843.25

2025-03-27 14:52:30,188 INFO, 46974:11665.5

2025-03-27 14:52:30,188 INFO, 46984:-1746.0

2025-03-27 14:52:30,189 INFO, Total PNL:-2150.625, START_DATE : 20250303, END_DATE:20250303

2025-03-27 14:52:30,189 INFO, Total Orders:122

2025-03-27 14:52:30,189 INFO, Total Trades: total quanity buys + sells:122

2025-03-27 14:52:30,189 INFO, Total volume traded:  9150

2025-03-27 14:52:30,189 INFO, Winning Trades:26

2025-03-27 14:52:30,189 INFO, Win Ratio :0.2708333333333333

2025-03-27 14:52:30,189 INFO, Win loss points:0.9601417798936654

2025-03-27 14:52:30,189 INFO, PNL turover ratio in bps:-7.724878486381787

2025-03-27 14:52:30,189 INFO, Sharpe Annually: -0.2865499057920703

2025-03-27 14:52:30,189 INFO, Drawdown: -5.721775525938961

2025-03-27 14:52:30,189 INFO, ###############################################################################

