2025-03-27 15:02:16,579 INFO, ########################## End of startegy report for 35001#####################################

2025-03-27 15:02:16,579 INFO, 53847:-941.25

2025-03-27 15:02:16,579 INFO, 51477:820.875

2025-03-27 15:02:16,579 INFO, 51478:-3491.25

2025-03-27 15:02:16,579 INFO, 53976:1818.0

2025-03-27 15:02:16,579 INFO, 53979:-301.875

2025-03-27 15:02:16,579 INFO, 54719:-4050.75

2025-03-27 15:02:16,579 INFO, 54720:1032.75

2025-03-27 15:02:16,579 INFO, 53846:-8597.625

2025-03-27 15:02:16,579 INFO, Total PNL:-13711.125, START_DATE : 20250325, END_DATE:20250325

2025-03-27 15:02:16,579 INFO, Total Orders:134

2025-03-27 15:02:16,579 INFO, Total Trades: total quanity buys + sells:134

2025-03-27 15:02:16,579 INFO, Total volume traded:  10050

2025-03-27 15:02:16,579 INFO, Winning Trades:26

2025-03-27 15:02:16,579 INFO, Win Ratio :0.24074074074074073

2025-03-27 15:02:16,579 INFO, Win loss points:0.6289037522709513

2025-03-27 15:02:16,579 INFO, PNL turover ratio in bps:-112.61737842956617

2025-03-27 15:02:16,580 INFO, Sharpe Annually: -3.5894239754137085

2025-03-27 15:02:16,580 INFO, Drawdown: -8.167810233287597

2025-03-27 15:02:16,580 INFO, ###############################################################################

