2025-03-27 14:55:50,003 INFO, ########################## End of startegy report for 35001#####################################

2025-03-27 14:55:50,004 INFO, 47017:-12645.75

2025-03-27 14:55:50,004 INFO, 47025:-5887.125

2025-03-27 14:55:50,004 INFO, 47026:1481.25

2025-03-27 14:55:50,004 INFO, 47021:7433.25

2025-03-27 14:55:50,004 INFO, 47014:18608.25

2025-03-27 14:55:50,004 INFO, 47015:-6923.25

2025-03-27 14:55:50,004 INFO, 46998:-6993.0

2025-03-27 14:55:50,004 INFO, 46997:3046.5

2025-03-27 14:55:50,004 INFO, Total PNL:-1879.875, START_DATE : 20250317, END_DATE:20250317

2025-03-27 14:55:50,004 INFO, Total Orders:142

2025-03-27 14:55:50,004 INFO, Total Trades: total quanity buys + sells:142

2025-03-27 14:55:50,004 INFO, Total volume traded:  10650

2025-03-27 14:55:50,004 INFO, Winning Trades:35

2025-03-27 14:55:50,004 INFO, Win Ratio :0.32710280373831774

2025-03-27 14:55:50,004 INFO, Win loss points:0.9568272832967318

2025-03-27 14:55:50,004 INFO, PNL turover ratio in bps:-9.389843721757185

2025-03-27 14:55:50,004 INFO, Sharpe Annually: -0.3202143814107623

2025-03-27 14:55:50,004 INFO, Drawdown: -14.185965848452502

2025-03-27 14:55:50,004 INFO, ###############################################################################

