2025-03-27 14:53:21,055 INFO, ########################## End of startegy report for 35001#####################################

2025-03-27 14:53:21,055 INFO, 46984:6135.75

2025-03-27 14:53:21,055 INFO, 46986:6303.75

2025-03-27 14:53:21,055 INFO, 46987:-6176.25

2025-03-27 14:53:21,055 INFO, 46989:-15666.75

2025-03-27 14:53:21,055 INFO, 46988:14680.5

2025-03-27 14:53:21,055 INFO, 46991:19836.0

2025-03-27 14:53:21,055 INFO, 46992:-9540.75

2025-03-27 14:53:21,055 INFO, 46996:16181.25

2025-03-27 14:53:21,055 INFO, 46994:-13313.25

2025-03-27 14:53:21,056 INFO, 46998:6515.25

2025-03-27 14:53:21,056 INFO, 46997:-4018.125

2025-03-27 14:53:21,057 INFO, Total PNL:20937.375, START_DATE : 20250305, END_DATE:20250305

2025-03-27 14:53:21,057 INFO, Total Orders:162

2025-03-27 14:53:21,057 INFO, Total Trades: total quanity buys + sells:162

2025-03-27 14:53:21,057 INFO, Total volume traded:  12150

2025-03-27 14:53:21,057 INFO, Winning Trades:45

2025-03-27 14:53:21,057 INFO, Win Ratio :0.38461538461538464

2025-03-27 14:53:21,057 INFO, Win loss points:1.3669385314046496

2025-03-27 14:53:21,057 INFO, PNL turover ratio in bps:61.007050672467436

2025-03-27 14:53:21,057 INFO, Sharpe Annually: 2.2507762332684944

2025-03-27 14:53:21,057 INFO, Drawdown: -1.9361509706981794

2025-03-27 14:53:21,057 INFO, ###############################################################################

