2025-03-27 14:59:24,229 INFO, ########################## End of startegy report for 35001#####################################

2025-03-27 14:59:24,230 INFO, 48695:956.25

2025-03-27 14:59:24,230 INFO, 49835:-885.75

2025-03-27 14:59:24,230 INFO, 51118:4149.75

2025-03-27 14:59:24,230 INFO, 51119:-2245.5

2025-03-27 14:59:24,230 INFO, 49834:1064.25

2025-03-27 14:59:24,230 INFO, 51120:9397.5

2025-03-27 14:59:24,230 INFO, 51121:-6287.625

2025-03-27 14:59:24,230 INFO, 51122:-7000.125

2025-03-27 14:59:24,230 INFO, 51124:-1858.5

2025-03-27 14:59:24,230 INFO, 51123:6105.0

2025-03-27 14:59:24,230 INFO, Total PNL:3395.25, START_DATE : 20250321, END_DATE:20250321

2025-03-27 14:59:24,230 INFO, Total Orders:154

2025-03-27 14:59:24,230 INFO, Total Trades: total quanity buys + sells:154

2025-03-27 14:59:24,230 INFO, Total volume traded:  11550

2025-03-27 14:59:24,231 INFO, Winning Trades:40

2025-03-27 14:59:24,231 INFO, Win Ratio :0.3508771929824561

2025-03-27 14:59:24,231 INFO, Win loss points:1.0988169038679816

2025-03-27 14:59:24,231 INFO, PNL turover ratio in bps:21.580912690978206

2025-03-27 14:59:24,231 INFO, Sharpe Annually: 0.7139939924039842

2025-03-27 14:59:24,231 INFO, Drawdown: -1.2060538295663292

2025-03-27 14:59:24,231 INFO, ###############################################################################

