2025-03-27 15:03:36,171 INFO, ########################## End of startegy report for 35001#####################################

2025-03-27 15:03:36,171 INFO, 51478:-244.5

2025-03-27 15:03:36,171 INFO, 53847:1505.25

2025-03-27 15:03:36,171 INFO, 51476:-704.25

2025-03-27 15:03:36,171 INFO, 53846:514.5

2025-03-27 15:03:36,171 INFO, 51477:-788.625

2025-03-27 15:03:36,171 INFO, 51475:1710.375

2025-03-27 15:03:36,171 INFO, 51474:3780.375

2025-03-27 15:03:36,171 INFO, 51459:-955.5

2025-03-27 15:03:36,171 INFO, 51460:1740.375

2025-03-27 15:03:36,171 INFO, 51473:-705.375

2025-03-27 15:03:36,171 INFO, 51400:632.25

2025-03-27 15:03:36,171 INFO, 51399:-120.375

2025-03-27 15:03:36,171 INFO, Total PNL:6364.5, START_DATE : 20250326, END_DATE:20250326

2025-03-27 15:03:36,171 INFO, Total Orders:108

2025-03-27 15:03:36,171 INFO, Total Trades: total quanity buys + sells:108

2025-03-27 15:03:36,171 INFO, Total volume traded:  8100

2025-03-27 15:03:36,171 INFO, Winning Trades:32

2025-03-27 15:03:36,171 INFO, Win Ratio :0.42105263157894735

2025-03-27 15:03:36,171 INFO, Win loss points:1.4441071802386434

2025-03-27 15:03:36,171 INFO, PNL turover ratio in bps:87.42541126825569

2025-03-27 15:03:36,171 INFO, Sharpe Annually: 2.86359003987614

2025-03-27 15:03:36,171 INFO, Drawdown: -1.4012492563950043

2025-03-27 15:03:36,171 INFO, ###############################################################################

