2025-03-27 14:53:51,137 INFO, ########################## End of startegy report for 35001#####################################

2025-03-27 14:53:51,137 INFO, 46998:-2256.75

2025-03-27 14:53:51,137 INFO, 46996:-4402.125

2025-03-27 14:53:51,138 INFO, 46992:-2206.125

2025-03-27 14:53:51,138 INFO, 46994:5073.375

2025-03-27 14:53:51,138 INFO, 46991:2062.5

2025-03-27 14:53:51,138 INFO, 46997:1983.75

2025-03-27 14:53:51,138 INFO, 47015:-14531.625

2025-03-27 14:53:51,138 INFO, 47014:9690.75

2025-03-27 14:53:51,138 INFO, 47021:-10995.0

2025-03-27 14:53:51,138 INFO, 47017:15221.25

2025-03-27 14:53:51,138 INFO, Total PNL:-360.0, START_DATE : 20250306, END_DATE:20250306

2025-03-27 14:53:51,138 INFO, Total Orders:124

2025-03-27 14:53:51,138 INFO, Total Trades: total quanity buys + sells:124

2025-03-27 14:53:51,138 INFO, Total volume traded:  9300

2025-03-27 14:53:51,138 INFO, Winning Trades:33

2025-03-27 14:53:51,138 INFO, Win Ratio :0.3626373626373626

2025-03-27 14:53:51,138 INFO, Win loss points:0.9932275132275137

2025-03-27 14:53:51,138 INFO, PNL turover ratio in bps:-1.4090998494024538

2025-03-27 14:53:51,138 INFO, Sharpe Annually: -0.05124222490881866

2025-03-27 14:53:51,138 INFO, Drawdown: -5.005977632086383

2025-03-27 14:53:51,138 INFO, ###############################################################################

