2025-03-27 14:52:02,938 INFO, ########################## End of startegy report for 35001#####################################

2025-03-27 14:52:02,938 INFO, 46997:-2327.25

2025-03-27 14:52:02,938 INFO, 46996:11469.0

2025-03-27 14:52:02,938 INFO, 46992:23174.625

2025-03-27 14:52:02,938 INFO, 46991:-20601.75

2025-03-27 14:52:02,938 INFO, 46994:-16825.5

2025-03-27 14:52:02,938 INFO, 46989:15267.0

2025-03-27 14:52:02,938 INFO, 46985:-23250.0

2025-03-27 14:52:02,938 INFO, 46984:10293.75

2025-03-27 14:52:02,938 INFO, 46987:67.5

2025-03-27 14:52:02,938 INFO, 46986:-453.75

2025-03-27 14:52:02,938 INFO, Total PNL:-3186.375, START_DATE : 20250228, END_DATE:20250228

2025-03-27 14:52:02,938 INFO, Total Orders:150

2025-03-27 14:52:02,938 INFO, Total Trades: total quanity buys + sells:150

2025-03-27 14:52:02,938 INFO, Total volume traded:  11250

2025-03-27 14:52:02,938 INFO, Winning Trades:37

2025-03-27 14:52:02,938 INFO, Win Ratio :0.3274336283185841

2025-03-27 14:52:02,938 INFO, Win loss points:0.9522825421606229

2025-03-27 14:52:02,938 INFO, PNL turover ratio in bps:-9.040378263811155

2025-03-27 14:52:02,938 INFO, Sharpe Annually: -0.347491369360646

2025-03-27 14:52:02,938 INFO, Drawdown: -1.405177715631782

2025-03-27 14:52:02,938 INFO, ###############################################################################

