2025-03-27 14:55:18,190 INFO, ########################## End of startegy report for 35001#####################################

2025-03-27 14:55:18,190 INFO, 46997:-1219.875

2025-03-27 14:55:18,190 INFO, 47014:-348.375

2025-03-27 14:55:18,190 INFO, 47015:3171.75

2025-03-27 14:55:18,190 INFO, 47021:6425.25

2025-03-27 14:55:18,191 INFO, 47017:-3246.375

2025-03-27 14:55:18,191 INFO, 46998:11707.5

2025-03-27 14:55:18,191 INFO, 46996:-11973.375

2025-03-27 14:55:18,191 INFO, 46994:-3278.625

2025-03-27 14:55:18,191 INFO, Total PNL:1237.875, START_DATE : 20250313, END_DATE:20250313

2025-03-27 14:55:18,191 INFO, Total Orders:106

2025-03-27 14:55:18,191 INFO, Total Trades: total quanity buys + sells:106

2025-03-27 14:55:18,191 INFO, Total volume traded:  7950

2025-03-27 14:55:18,191 INFO, Winning Trades:27

2025-03-27 14:55:18,191 INFO, Win Ratio :0.34177215189873417

2025-03-27 14:55:18,191 INFO, Win loss points:1.037936860009424

2025-03-27 14:55:18,191 INFO, PNL turover ratio in bps:7.3084638919596046

2025-03-27 14:55:18,191 INFO, Sharpe Annually: 0.26389838597050896

2025-03-27 14:55:18,191 INFO, Drawdown: -2.4761800699300704

2025-03-27 14:55:18,191 INFO, ###############################################################################

