2025-03-27 14:58:05,584 INFO, ########################## End of startegy report for 35001#####################################

2025-03-27 14:58:05,585 INFO, 48251:4596.375

2025-03-27 14:58:05,585 INFO, 48347:10507.125

2025-03-27 14:58:05,585 INFO, 48348:-8793.75

2025-03-27 14:58:05,585 INFO, 48346:-2520.75

2025-03-27 14:58:05,585 INFO, 64564:1315.4999999999982

2025-03-27 14:58:05,585 INFO, 48349:2040.0

2025-03-27 14:58:05,585 INFO, 48350:-4286.625

2025-03-27 14:58:05,585 INFO, 48696:-3709.875

2025-03-27 14:58:05,585 INFO, 48695:-5508.0

2025-03-27 14:58:05,585 INFO, 49835:982.5

2025-03-27 14:58:05,585 INFO, Total PNL:-5377.500000000002, START_DATE : 20250320, END_DATE:20250320

2025-03-27 14:58:05,585 INFO, Total Orders:158

2025-03-27 14:58:05,585 INFO, Total Trades: total quanity buys + sells:158

2025-03-27 14:58:05,585 INFO, Total volume traded:  11850

2025-03-27 14:58:05,585 INFO, Winning Trades:39

2025-03-27 14:58:05,585 INFO, Win Ratio :0.3277310924369748

2025-03-27 14:58:05,585 INFO, Win loss points:0.8760994660353556

2025-03-27 14:58:05,585 INFO, PNL turover ratio in bps:-31.02767824687128

2025-03-27 14:58:05,585 INFO, Sharpe Annually: -1.0081815166461807

2025-03-27 14:58:05,585 INFO, Drawdown: -1.9501509341600727

2025-03-27 14:58:05,585 INFO, ###############################################################################

