2025-03-27 14:54:51,122 INFO, ########################## End of startegy report for 35001#####################################

2025-03-27 14:54:51,123 INFO, 47014:-5789.25

2025-03-27 14:54:51,123 INFO, 47015:6236.25

2025-03-27 14:54:51,123 INFO, 46997:1549.5

2025-03-27 14:54:51,123 INFO, 46998:6053.25

2025-03-27 14:54:51,123 INFO, 46996:29.25

2025-03-27 14:54:51,123 INFO, 46994:1029.375

2025-03-27 14:54:51,123 INFO, 46992:-17428.5

2025-03-27 14:54:51,123 INFO, 46991:12623.25

2025-03-27 14:54:51,124 INFO, Total PNL:4303.125, START_DATE : 20250312, END_DATE:20250312

2025-03-27 14:54:51,124 INFO, Total Orders:122

2025-03-27 14:54:51,124 INFO, Total Trades: total quanity buys + sells:122

2025-03-27 14:54:51,124 INFO, Total volume traded:  9150

2025-03-27 14:54:51,124 INFO, Winning Trades:32

2025-03-27 14:54:51,124 INFO, Win Ratio :0.35555555555555557

2025-03-27 14:54:51,124 INFO, Win loss points:1.0887175958497948

2025-03-27 14:54:51,124 INFO, PNL turover ratio in bps:19.76589259584305

2025-03-27 14:54:51,124 INFO, Sharpe Annually: 0.6533458277965966

2025-03-27 14:54:51,124 INFO, Drawdown: -8.70493685419058

2025-03-27 14:54:51,124 INFO, ###############################################################################

