2025-03-27 14:49:17,265 INFO, ########################## End of startegy report for 35001#####################################

2025-03-27 14:49:17,265 INFO, 48346:-20436.375

2025-03-27 14:49:17,265 INFO, 48251:33577.5

2025-03-27 14:49:17,265 INFO, 64565:-9360.375

2025-03-27 14:49:17,265 INFO, 64564:13091.25

2025-03-27 14:49:17,265 INFO, 48246:-2816.25

2025-03-27 14:49:17,265 INFO, 48347:3559.5

2025-03-27 14:49:17,265 INFO, 48348:-7417.5

2025-03-27 14:49:17,266 INFO, 48349:4972.5

2025-03-27 14:49:17,266 INFO, 48350:-4935.0

2025-03-27 14:49:17,266 INFO, Total PNL:10235.25, START_DATE : 20250217, END_DATE:20250217

2025-03-27 14:49:17,266 INFO, Total Orders:98

2025-03-27 14:49:17,266 INFO, Total Trades: total quanity buys + sells:98

2025-03-27 14:49:17,266 INFO, Total volume traded:  7350

2025-03-27 14:49:17,266 INFO, Winning Trades:26

2025-03-27 14:49:17,266 INFO, Win Ratio :0.3611111111111111

2025-03-27 14:49:17,266 INFO, Win loss points:1.18240750641574

2025-03-27 14:49:17,266 INFO, PNL turover ratio in bps:31.922530728973808

2025-03-27 14:49:17,266 INFO, Sharpe Annually: 1.18699818201579

2025-03-27 14:49:17,266 INFO, Drawdown: -7.359043173862306

2025-03-27 14:49:17,266 INFO, ###############################################################################

