2025-03-27 14:49:50,381 INFO, ########################## End of startegy report for 35001#####################################

2025-03-27 14:49:50,381 INFO, 48251:13467.0

2025-03-27 14:49:50,381 INFO, 48347:7892.25

2025-03-27 14:49:50,381 INFO, 48350:30551.25

2025-03-27 14:49:50,381 INFO, 48349:-42489.375

2025-03-27 14:49:50,382 INFO, 48695:-9080.25

2025-03-27 14:49:50,382 INFO, 48696:15374.25

2025-03-27 14:49:50,382 INFO, 49834:-3116.25

2025-03-27 14:49:50,382 INFO, 48348:-4912.125

2025-03-27 14:49:50,382 INFO, 48346:-1353.75

2025-03-27 14:49:50,382 INFO, Total PNL:6333.0, START_DATE : 20250219, END_DATE:20250219

2025-03-27 14:49:50,383 INFO, Total Orders:114

2025-03-27 14:49:50,383 INFO, Total Trades: total quanity buys + sells:114

2025-03-27 14:49:50,383 INFO, Total volume traded:  8550

2025-03-27 14:49:50,383 INFO, Winning Trades:28

2025-03-27 14:49:50,383 INFO, Win Ratio :0.32558139534883723

2025-03-27 14:49:50,383 INFO, Win loss points:1.0982568828690449

2025-03-27 14:49:50,383 INFO, PNL turover ratio in bps:17.80238759449349

2025-03-27 14:49:50,383 INFO, Sharpe Annually: 0.6792992315926515

2025-03-27 14:49:50,383 INFO, Drawdown: -0.9937204675453865

2025-03-27 14:49:50,383 INFO, ###############################################################################

