2025-03-27 14:56:29,969 INFO, ########################## End of startegy report for 35001#####################################

2025-03-27 14:56:29,969 INFO, 47039:-2744.625

2025-03-27 14:56:29,970 INFO, 47038:1397.25

2025-03-27 14:56:29,970 INFO, 47040:11199.0

2025-03-27 14:56:29,970 INFO, 47041:-3782.625

2025-03-27 14:56:29,970 INFO, 48191:946.5

2025-03-27 14:56:29,970 INFO, 47042:-1729.5

2025-03-27 14:56:29,970 INFO, 48212:-13157.625

2025-03-27 14:56:29,970 INFO, 48192:9203.25

2025-03-27 14:56:29,970 INFO, 48217:1406.25

2025-03-27 14:56:29,971 INFO, Total PNL:2737.875, START_DATE : 20250318, END_DATE:20250318

2025-03-27 14:56:29,971 INFO, Total Orders:156

2025-03-27 14:56:29,971 INFO, Total Trades: total quanity buys + sells:156

2025-03-27 14:56:29,971 INFO, Total volume traded:  11700

2025-03-27 14:56:29,971 INFO, Winning Trades:41

2025-03-27 14:56:29,971 INFO, Win Ratio :0.3565217391304348

2025-03-27 14:56:29,971 INFO, Win loss points:1.0567275044093765

2025-03-27 14:56:29,971 INFO, PNL turover ratio in bps:13.052834749967865

2025-03-27 14:56:29,971 INFO, Sharpe Annually: 0.4243315653688648

2025-03-27 14:56:29,971 INFO, Drawdown: -1.8613008531533766

2025-03-27 14:56:29,971 INFO, ###############################################################################

