2025-03-27 15:00:49,463 INFO, ########################## End of startegy report for 35001#####################################

2025-03-27 15:00:49,463 INFO, 51399:-915.75

2025-03-27 15:00:49,463 INFO, 51400:-1851.0

2025-03-27 15:00:49,463 INFO, 51459:2907.75

2025-03-27 15:00:49,463 INFO, 51460:-5592.375

2025-03-27 15:00:49,463 INFO, 51473:4340.25

2025-03-27 15:00:49,463 INFO, 51474:-5418.375

2025-03-27 15:00:49,463 INFO, 51475:-5345.25

2025-03-27 15:00:49,463 INFO, 51476:9573.0

2025-03-27 15:00:49,463 INFO, 51477:-5331.375

2025-03-27 15:00:49,463 INFO, 53846:-877.875

2025-03-27 15:00:49,463 INFO, 51478:277.5

2025-03-27 15:00:49,465 INFO, Total PNL:-8233.5, START_DATE : 20250324, END_DATE:20250324

2025-03-27 15:00:49,465 INFO, Total Orders:152

2025-03-27 15:00:49,465 INFO, Total Trades: total quanity buys + sells:152

2025-03-27 15:00:49,465 INFO, Total volume traded:  11400

2025-03-27 15:00:49,465 INFO, Winning Trades:34

2025-03-27 15:00:49,465 INFO, Win Ratio :0.288135593220339

2025-03-27 15:00:49,465 INFO, Win loss points:0.7978976048896335

2025-03-27 15:00:49,465 INFO, PNL turover ratio in bps:-52.63253782034747

2025-03-27 15:00:49,465 INFO, Sharpe Annually: -1.728195485858781

2025-03-27 15:00:49,465 INFO, Drawdown: -111.42021276595942

2025-03-27 15:00:49,465 INFO, ###############################################################################

